<?xml version="1.0" encoding="UTF-8"?>
<testsuite xmlns:xsi="http://www.w3.org/2001/XMLSchema-instance" xsi:noNamespaceSchemaLocation="https://maven.apache.org/surefire/maven-surefire-plugin/xsd/surefire-test-report-3.0.xsd" version="3.0" name="TestSuite" time="24.081" tests="2" errors="0" skipped="0" failures="0">
  <properties>
    <property name="gopherProxySet" value="false"/>
    <property name="awt.toolkit" value="sun.lwawt.macosx.LWCToolkit"/>
    <property name="file.encoding.pkg" value="sun.io"/>
    <property name="java.specification.version" value="1.8"/>
    <property name="webdriver.chrome.driver" value="/Users/temppryad/.m2/repository/webdriver/chromedriver/mac64/88.0.4324.96/chromedriver"/>
    <property name="sun.cpu.isalist" value=""/>
    <property name="sun.jnu.encoding" value="UTF-8"/>
    <property name="java.class.path" value="/Users/temppryad/eclipse-workspace/DataDrivenFramework/target/test-classes:/Users/temppryad/eclipse-workspace/DataDrivenFramework/target/classes:/Users/temppryad/.m2/repository/org/seleniumhq/selenium/selenium-java/3.141.59/selenium-java-3.141.59.jar:/Users/temppryad/.m2/repository/org/seleniumhq/selenium/selenium-api/3.141.59/selenium-api-3.141.59.jar:/Users/temppryad/.m2/repository/org/seleniumhq/selenium/selenium-chrome-driver/3.141.59/selenium-chrome-driver-3.141.59.jar:/Users/temppryad/.m2/repository/org/seleniumhq/selenium/selenium-edge-driver/3.141.59/selenium-edge-driver-3.141.59.jar:/Users/temppryad/.m2/repository/org/seleniumhq/selenium/selenium-firefox-driver/3.141.59/selenium-firefox-driver-3.141.59.jar:/Users/temppryad/.m2/repository/org/seleniumhq/selenium/selenium-ie-driver/3.141.59/selenium-ie-driver-3.141.59.jar:/Users/temppryad/.m2/repository/org/seleniumhq/selenium/selenium-opera-driver/3.141.59/selenium-opera-driver-3.141.59.jar:/Users/temppryad/.m2/repository/org/seleniumhq/selenium/selenium-remote-driver/3.141.59/selenium-remote-driver-3.141.59.jar:/Users/temppryad/.m2/repository/org/seleniumhq/selenium/selenium-safari-driver/3.141.59/selenium-safari-driver-3.141.59.jar:/Users/temppryad/.m2/repository/org/seleniumhq/selenium/selenium-support/3.141.59/selenium-support-3.141.59.jar:/Users/temppryad/.m2/repository/net/bytebuddy/byte-buddy/1.8.15/byte-buddy-1.8.15.jar:/Users/temppryad/.m2/repository/org/apache/commons/commons-exec/1.3/commons-exec-1.3.jar:/Users/temppryad/.m2/repository/com/google/guava/guava/25.0-jre/guava-25.0-jre.jar:/Users/temppryad/.m2/repository/com/google/code/findbugs/jsr305/1.3.9/jsr305-1.3.9.jar:/Users/temppryad/.m2/repository/org/checkerframework/checker-compat-qual/2.0.0/checker-compat-qual-2.0.0.jar:/Users/temppryad/.m2/repository/com/google/errorprone/error_prone_annotations/2.1.3/error_prone_annotations-2.1.3.jar:/Users/temppryad/.m2/repository/com/google/j2objc/j2objc-annotations/1.1/j2objc-annotations-1.1.jar:/Users/temppryad/.m2/repository/org/codehaus/mojo/animal-sniffer-annotations/1.14/animal-sniffer-annotations-1.14.jar:/Users/temppryad/.m2/repository/com/squareup/okhttp3/okhttp/3.11.0/okhttp-3.11.0.jar:/Users/temppryad/.m2/repository/com/squareup/okio/okio/1.14.0/okio-1.14.0.jar:/Users/temppryad/.m2/repository/com/aventstack/extentreports/5.0.1/extentreports-5.0.1.jar:/Users/temppryad/.m2/repository/io/reactivex/rxjava3/rxjava/3.0.4/rxjava-3.0.4.jar:/Users/temppryad/.m2/repository/org/reactivestreams/reactive-streams/1.0.3/reactive-streams-1.0.3.jar:/Users/temppryad/.m2/repository/org/freemarker/freemarker/2.3.30/freemarker-2.3.30.jar:/Users/temppryad/.m2/repository/org/projectlombok/lombok/1.18.12/lombok-1.18.12.jar:/Users/temppryad/.m2/repository/com/google/code/gson/gson/2.8.6/gson-2.8.6.jar:/Users/temppryad/.m2/repository/org/testng/testng/7.1.0/testng-7.1.0.jar:/Users/temppryad/.m2/repository/com/beust/jcommander/1.72/jcommander-1.72.jar:/Users/temppryad/.m2/repository/com/google/inject/guice/4.1.0/guice-4.1.0-no_aop.jar:/Users/temppryad/.m2/repository/org/yaml/snakeyaml/1.21/snakeyaml-1.21.jar:/Users/temppryad/.m2/repository/log4j/log4j/1.2.17/log4j-1.2.17.jar:/Users/temppryad/.m2/repository/org/slf4j/slf4j-log4j12/1.7.5/slf4j-log4j12-1.7.5.jar:/Users/temppryad/.m2/repository/org/slf4j/slf4j-api/1.7.5/slf4j-api-1.7.5.jar:/Users/temppryad/.m2/repository/javax/mail/mail/1.4.7/mail-1.4.7.jar:/Users/temppryad/.m2/repository/javax/activation/activation/1.1/activation-1.1.jar:/Users/temppryad/.m2/repository/org/uncommons/reportng/1.1.4/reportng-1.1.4.jar:/Users/temppryad/.m2/repository/velocity/velocity/1.4/velocity-1.4.jar:/Users/temppryad/.m2/repository/velocity/velocity-dep/1.4/velocity-dep-1.4.jar:/Users/temppryad/.m2/repository/com/google/inject/guice/4.1.0/guice-4.1.0.jar:/Users/temppryad/.m2/repository/javax/inject/javax.inject/1/javax.inject-1.jar:/Users/temppryad/.m2/repository/aopalliance/aopalliance/1.0/aopalliance-1.0.jar:/Users/temppryad/.m2/repository/mysql/mysql-connector-java/8.0.21/mysql-connector-java-8.0.21.jar:/Users/temppryad/.m2/repository/com/google/protobuf/protobuf-java/3.11.4/protobuf-java-3.11.4.jar:/Users/temppryad/.m2/repository/org/apache/poi/poi/3.6/poi-3.6.jar:/Users/temppryad/.m2/repository/commons-logging/commons-logging/1.1/commons-logging-1.1.jar:/Users/temppryad/.m2/repository/logkit/logkit/1.0.1/logkit-1.0.1.jar:/Users/temppryad/.m2/repository/avalon-framework/avalon-framework/4.1.3/avalon-framework-4.1.3.jar:/Users/temppryad/.m2/repository/javax/servlet/servlet-api/2.3/servlet-api-2.3.jar:/Users/temppryad/.m2/repository/org/apache/poi/poi-ooxml/3.6/poi-ooxml-3.6.jar:/Users/temppryad/.m2/repository/dom4j/dom4j/1.1/dom4j-1.1.jar:/Users/temppryad/.m2/repository/org/apache/xmlbeans/xmlbeans/2.3.0/xmlbeans-2.3.0.jar:/Users/temppryad/.m2/repository/stax/stax-api/1.0.1/stax-api-1.0.1.jar:/Users/temppryad/.m2/repository/org/apache/poi/poi-ooxml-schemas/3.6/poi-ooxml-schemas-3.6.jar:/Users/temppryad/.m2/repository/org/apache/geronimo/specs/geronimo-stax-api_1.0_spec/1.0/geronimo-stax-api_1.0_spec-1.0.jar:/Users/temppryad/.m2/repository/io/github/bonigarcia/webdrivermanager/3.8.1/webdrivermanager-3.8.1.jar:/Users/temppryad/.m2/repository/commons-io/commons-io/2.6/commons-io-2.6.jar:/Users/temppryad/.m2/repository/org/apache/commons/commons-lang3/3.8.1/commons-lang3-3.8.1.jar:/Users/temppryad/.m2/repository/org/apache/httpcomponents/httpclient/4.5.6/httpclient-4.5.6.jar:/Users/temppryad/.m2/repository/org/apache/httpcomponents/httpcore/4.4.10/httpcore-4.4.10.jar:/Users/temppryad/.m2/repository/commons-codec/commons-codec/1.10/commons-codec-1.10.jar:/Users/temppryad/.m2/repository/org/rauschig/jarchivelib/1.0.0/jarchivelib-1.0.0.jar:/Users/temppryad/.m2/repository/org/apache/commons/commons-compress/1.18/commons-compress-1.18.jar:/Users/temppryad/.m2/repository/org/jsoup/jsoup/1.11.3/jsoup-1.11.3.jar:"/>
    <property name="java.vm.vendor" value="Azul Systems, Inc."/>
    <property name="sun.arch.data.model" value="64"/>
    <property name="java.vendor.url" value="http://www.azulsystems.com/"/>
    <property name="user.timezone" value="Europe/Stockholm"/>
    <property name="user.country.format" value="SE"/>
    <property name="java.vm.specification.version" value="1.8"/>
    <property name="os.name" value="Mac OS X"/>
    <property name="user.country" value="GB"/>
    <property name="sun.java.launcher" value="SUN_STANDARD"/>
    <property name="sun.boot.library.path" value="/Library/Java/JavaVirtualMachines/zulu-8.jdk/Contents/Home/jre/lib"/>
    <property name="sun.java.command" value="/Users/temppryad/eclipse-workspace/DataDrivenFramework/target/surefire/surefirebooter1388195032519914232.jar /Users/temppryad/eclipse-workspace/DataDrivenFramework/target/surefire 2021-01-29T15-40-22_652-jvmRun1 surefire2885909450767190303tmp surefire_02427319642423004125tmp"/>
    <property name="surefire.test.class.path" value="/Users/temppryad/eclipse-workspace/DataDrivenFramework/target/test-classes:/Users/temppryad/eclipse-workspace/DataDrivenFramework/target/classes:/Users/temppryad/.m2/repository/org/seleniumhq/selenium/selenium-java/3.141.59/selenium-java-3.141.59.jar:/Users/temppryad/.m2/repository/org/seleniumhq/selenium/selenium-api/3.141.59/selenium-api-3.141.59.jar:/Users/temppryad/.m2/repository/org/seleniumhq/selenium/selenium-chrome-driver/3.141.59/selenium-chrome-driver-3.141.59.jar:/Users/temppryad/.m2/repository/org/seleniumhq/selenium/selenium-edge-driver/3.141.59/selenium-edge-driver-3.141.59.jar:/Users/temppryad/.m2/repository/org/seleniumhq/selenium/selenium-firefox-driver/3.141.59/selenium-firefox-driver-3.141.59.jar:/Users/temppryad/.m2/repository/org/seleniumhq/selenium/selenium-ie-driver/3.141.59/selenium-ie-driver-3.141.59.jar:/Users/temppryad/.m2/repository/org/seleniumhq/selenium/selenium-opera-driver/3.141.59/selenium-opera-driver-3.141.59.jar:/Users/temppryad/.m2/repository/org/seleniumhq/selenium/selenium-remote-driver/3.141.59/selenium-remote-driver-3.141.59.jar:/Users/temppryad/.m2/repository/org/seleniumhq/selenium/selenium-safari-driver/3.141.59/selenium-safari-driver-3.141.59.jar:/Users/temppryad/.m2/repository/org/seleniumhq/selenium/selenium-support/3.141.59/selenium-support-3.141.59.jar:/Users/temppryad/.m2/repository/net/bytebuddy/byte-buddy/1.8.15/byte-buddy-1.8.15.jar:/Users/temppryad/.m2/repository/org/apache/commons/commons-exec/1.3/commons-exec-1.3.jar:/Users/temppryad/.m2/repository/com/google/guava/guava/25.0-jre/guava-25.0-jre.jar:/Users/temppryad/.m2/repository/com/google/code/findbugs/jsr305/1.3.9/jsr305-1.3.9.jar:/Users/temppryad/.m2/repository/org/checkerframework/checker-compat-qual/2.0.0/checker-compat-qual-2.0.0.jar:/Users/temppryad/.m2/repository/com/google/errorprone/error_prone_annotations/2.1.3/error_prone_annotations-2.1.3.jar:/Users/temppryad/.m2/repository/com/google/j2objc/j2objc-annotations/1.1/j2objc-annotations-1.1.jar:/Users/temppryad/.m2/repository/org/codehaus/mojo/animal-sniffer-annotations/1.14/animal-sniffer-annotations-1.14.jar:/Users/temppryad/.m2/repository/com/squareup/okhttp3/okhttp/3.11.0/okhttp-3.11.0.jar:/Users/temppryad/.m2/repository/com/squareup/okio/okio/1.14.0/okio-1.14.0.jar:/Users/temppryad/.m2/repository/com/aventstack/extentreports/5.0.1/extentreports-5.0.1.jar:/Users/temppryad/.m2/repository/io/reactivex/rxjava3/rxjava/3.0.4/rxjava-3.0.4.jar:/Users/temppryad/.m2/repository/org/reactivestreams/reactive-streams/1.0.3/reactive-streams-1.0.3.jar:/Users/temppryad/.m2/repository/org/freemarker/freemarker/2.3.30/freemarker-2.3.30.jar:/Users/temppryad/.m2/repository/org/projectlombok/lombok/1.18.12/lombok-1.18.12.jar:/Users/temppryad/.m2/repository/com/google/code/gson/gson/2.8.6/gson-2.8.6.jar:/Users/temppryad/.m2/repository/org/testng/testng/7.1.0/testng-7.1.0.jar:/Users/temppryad/.m2/repository/com/beust/jcommander/1.72/jcommander-1.72.jar:/Users/temppryad/.m2/repository/com/google/inject/guice/4.1.0/guice-4.1.0-no_aop.jar:/Users/temppryad/.m2/repository/org/yaml/snakeyaml/1.21/snakeyaml-1.21.jar:/Users/temppryad/.m2/repository/log4j/log4j/1.2.17/log4j-1.2.17.jar:/Users/temppryad/.m2/repository/org/slf4j/slf4j-log4j12/1.7.5/slf4j-log4j12-1.7.5.jar:/Users/temppryad/.m2/repository/org/slf4j/slf4j-api/1.7.5/slf4j-api-1.7.5.jar:/Users/temppryad/.m2/repository/javax/mail/mail/1.4.7/mail-1.4.7.jar:/Users/temppryad/.m2/repository/javax/activation/activation/1.1/activation-1.1.jar:/Users/temppryad/.m2/repository/org/uncommons/reportng/1.1.4/reportng-1.1.4.jar:/Users/temppryad/.m2/repository/velocity/velocity/1.4/velocity-1.4.jar:/Users/temppryad/.m2/repository/velocity/velocity-dep/1.4/velocity-dep-1.4.jar:/Users/temppryad/.m2/repository/com/google/inject/guice/4.1.0/guice-4.1.0.jar:/Users/temppryad/.m2/repository/javax/inject/javax.inject/1/javax.inject-1.jar:/Users/temppryad/.m2/repository/aopalliance/aopalliance/1.0/aopalliance-1.0.jar:/Users/temppryad/.m2/repository/mysql/mysql-connector-java/8.0.21/mysql-connector-java-8.0.21.jar:/Users/temppryad/.m2/repository/com/google/protobuf/protobuf-java/3.11.4/protobuf-java-3.11.4.jar:/Users/temppryad/.m2/repository/org/apache/poi/poi/3.6/poi-3.6.jar:/Users/temppryad/.m2/repository/commons-logging/commons-logging/1.1/commons-logging-1.1.jar:/Users/temppryad/.m2/repository/logkit/logkit/1.0.1/logkit-1.0.1.jar:/Users/temppryad/.m2/repository/avalon-framework/avalon-framework/4.1.3/avalon-framework-4.1.3.jar:/Users/temppryad/.m2/repository/javax/servlet/servlet-api/2.3/servlet-api-2.3.jar:/Users/temppryad/.m2/repository/org/apache/poi/poi-ooxml/3.6/poi-ooxml-3.6.jar:/Users/temppryad/.m2/repository/dom4j/dom4j/1.1/dom4j-1.1.jar:/Users/temppryad/.m2/repository/org/apache/xmlbeans/xmlbeans/2.3.0/xmlbeans-2.3.0.jar:/Users/temppryad/.m2/repository/stax/stax-api/1.0.1/stax-api-1.0.1.jar:/Users/temppryad/.m2/repository/org/apache/poi/poi-ooxml-schemas/3.6/poi-ooxml-schemas-3.6.jar:/Users/temppryad/.m2/repository/org/apache/geronimo/specs/geronimo-stax-api_1.0_spec/1.0/geronimo-stax-api_1.0_spec-1.0.jar:/Users/temppryad/.m2/repository/io/github/bonigarcia/webdrivermanager/3.8.1/webdrivermanager-3.8.1.jar:/Users/temppryad/.m2/repository/commons-io/commons-io/2.6/commons-io-2.6.jar:/Users/temppryad/.m2/repository/org/apache/commons/commons-lang3/3.8.1/commons-lang3-3.8.1.jar:/Users/temppryad/.m2/repository/org/apache/httpcomponents/httpclient/4.5.6/httpclient-4.5.6.jar:/Users/temppryad/.m2/repository/org/apache/httpcomponents/httpcore/4.4.10/httpcore-4.4.10.jar:/Users/temppryad/.m2/repository/commons-codec/commons-codec/1.10/commons-codec-1.10.jar:/Users/temppryad/.m2/repository/org/rauschig/jarchivelib/1.0.0/jarchivelib-1.0.0.jar:/Users/temppryad/.m2/repository/org/apache/commons/commons-compress/1.18/commons-compress-1.18.jar:/Users/temppryad/.m2/repository/org/jsoup/jsoup/1.11.3/jsoup-1.11.3.jar:"/>
    <property name="sun.cpu.endian" value="little"/>
    <property name="user.home" value="/Users/temppryad"/>
    <property name="user.language" value="en"/>
    <property name="java.specification.vendor" value="Oracle Corporation"/>
    <property name="java.home" value="/Library/Java/JavaVirtualMachines/zulu-8.jdk/Contents/Home/jre"/>
    <property name="basedir" value="/Users/temppryad/eclipse-workspace/DataDrivenFramework"/>
    <property name="file.separator" value="/"/>
    <property name="line.separator" value="&#10;"/>
    <property name="java.vm.specification.vendor" value="Oracle Corporation"/>
    <property name="java.specification.name" value="Java Platform API Specification"/>
    <property name="java.awt.graphicsenv" value="sun.awt.CGraphicsEnvironment"/>
    <property name="surefire.real.class.path" value="/Users/temppryad/eclipse-workspace/DataDrivenFramework/target/surefire/surefirebooter1388195032519914232.jar"/>
    <property name="sun.boot.class.path" value="/Library/Java/JavaVirtualMachines/zulu-8.jdk/Contents/Home/jre/lib/resources.jar:/Library/Java/JavaVirtualMachines/zulu-8.jdk/Contents/Home/jre/lib/rt.jar:/Library/Java/JavaVirtualMachines/zulu-8.jdk/Contents/Home/jre/lib/sunrsasign.jar:/Library/Java/JavaVirtualMachines/zulu-8.jdk/Contents/Home/jre/lib/jsse.jar:/Library/Java/JavaVirtualMachines/zulu-8.jdk/Contents/Home/jre/lib/jce.jar:/Library/Java/JavaVirtualMachines/zulu-8.jdk/Contents/Home/jre/lib/charsets.jar:/Library/Java/JavaVirtualMachines/zulu-8.jdk/Contents/Home/jre/lib/jfr.jar:/Library/Java/JavaVirtualMachines/zulu-8.jdk/Contents/Home/jre/classes"/>
    <property name="sun.management.compiler" value="HotSpot 64-Bit Tiered Compilers"/>
    <property name="java.runtime.version" value="1.8.0_232-b18"/>
    <property name="user.name" value="temppryad"/>
    <property name="path.separator" value=":"/>
    <property name="os.version" value="10.15.7"/>
    <property name="java.endorsed.dirs" value="/Library/Java/JavaVirtualMachines/zulu-8.jdk/Contents/Home/jre/lib/endorsed"/>
    <property name="java.runtime.name" value="OpenJDK Runtime Environment"/>
    <property name="file.encoding" value="UTF-8"/>
    <property name="java.vm.name" value="OpenJDK 64-Bit Server VM"/>
    <property name="localRepository" value="/Users/temppryad/.m2/repository"/>
    <property name="java.vendor.url.bug" value="http://www.azulsystems.com/support/"/>
    <property name="java.io.tmpdir" value="/var/folders/pb/30g_8wp15x9b_n6qjz258wprscc1x9/T/"/>
    <property name="java.version" value="1.8.0_232"/>
    <property name="user.dir" value="/Users/temppryad/eclipse-workspace/DataDrivenFramework"/>
    <property name="os.arch" value="x86_64"/>
    <property name="java.vm.specification.name" value="Java Virtual Machine Specification"/>
    <property name="java.awt.printerjob" value="sun.lwawt.macosx.CPrinterJob"/>
    <property name="sun.os.patch.level" value="unknown"/>
    <property name="java.library.path" value="/Users/temppryad/Library/Java/Extensions:/Library/Java/Extensions:/Network/Library/Java/Extensions:/System/Library/Java/Extensions:/usr/lib/java:."/>
    <property name="java.vm.info" value="mixed mode"/>
    <property name="java.vendor" value="Azul Systems, Inc."/>
    <property name="java.vm.version" value="25.232-b18"/>
    <property name="java.ext.dirs" value="/Users/temppryad/Library/Java/Extensions:/Library/Java/JavaVirtualMachines/zulu-8.jdk/Contents/Home/jre/lib/ext:/Library/Java/Extensions:/Network/Library/Java/Extensions:/System/Library/Java/Extensions:/usr/lib/java"/>
    <property name="sun.io.unicode.encoding" value="UnicodeBig"/>
    <property name="java.class.version" value="52.0"/>
  </properties>
  <testcase name="bankMgrLgnTest" classname="hm.com.testcases.BankMgrLgnTest" time="5.219">
    <system-out><![CDATA[Assert Passed
]]></system-out>
    <system-err><![CDATA[Starting ChromeDriver 88.0.4324.96 (68dba2d8a0b149a1d3afac56fa74648032bcf46b-refs/branch-heads/4324@{#1784}) on port 34827
Only local connections are allowed.
Please see https://chromedriver.chromium.org/security-considerations for suggestions on keeping ChromeDriver safe.
ChromeDriver was started successfully.
Jan 29, 2021 3:40:34 PM org.openqa.selenium.remote.ProtocolHandshake createSession
INFO: Detected dialect: W3C
]]></system-err>
  </testcase>
  <testcase name="addCust[Yadav, Prakash, 16440.0, Customer added successfully](1)" classname="hm.com.testcases.AddCustTest" time="7.381"/>
</testsuite>