<?xml version="1.0" encoding="UTF-8"?>
<!-- Generated by org.testng.reporters.JUnitReportReporter -->
<testsuite hostname="semac5076" failures="0" tests="1" name="hm.com.testcases.LoginTest" time="30.402" errors="0" timestamp="2020-12-08T22:55:41 CET" skipped="0">
  <testcase classname="hm.com.testcases.LoginTest" name="loginAsBankManager" time="30.402"/>
  <system-out/>
</testsuite> <!-- hm.com.testcases.LoginTest -->
