<?xml version="1.0" encoding="UTF-8"?>
<!-- Generated by org.testng.reporters.JUnitReportReporter -->
<testsuite hostname="semac5076" failures="0" tests="1" name="hm.com.testcases.BankMgrLgnTest" time="5.318" errors="0" timestamp="2020-12-09T00:53:11 CET" skipped="0">
  <testcase classname="hm.com.testcases.BankMgrLgnTest" name="bankMgrLgnTest" time="5.318"/>
  <system-out/>
</testsuite> <!-- hm.com.testcases.BankMgrLgnTest -->
