<?xml version="1.0" encoding="UTF-8"?>
<!-- Generated by org.testng.reporters.JUnitReportReporter -->
<testsuite skipped="0" hostname="semac5076" name="hm.com.testcases.AddCustTest" tests="1" failures="0" timestamp="2021-01-29T15:40:49 CET" time="7.379" errors="0">
  <testcase name="addCust" time="7.379" classname="hm.com.testcases.AddCustTest"/>
  <system-out/>
</testsuite> <!-- hm.com.testcases.AddCustTest -->
