<?xml version="1.0" encoding="UTF-8"?>
<!-- Generated by org.testng.reporters.JUnitReportReporter -->
<testsuite skipped="0" hostname="semac5076" name="hm.com.testcases.BankMgrLgnTest" tests="1" failures="0" timestamp="2021-01-29T15:40:49 CET" time="5.235" errors="0">
  <testcase name="bankMgrLgnTest" time="5.235" classname="hm.com.testcases.BankMgrLgnTest"/>
  <system-out/>
</testsuite> <!-- hm.com.testcases.BankMgrLgnTest -->
